C51 COMPILER V9.60.0.0   DELAY                                                             02/07/2020 18:32:13 PAGE 1   


C51 COMPILER V9.60.0.0, COMPILATION OF MODULE DELAY
OBJECT MODULE PLACED IN .\Objects\delay.obj
COMPILER INVOKED BY: E:\develop\KEIL5.28\C51\BIN\C51.EXE Module\delay.c OPTIMIZE(8,SPEED) BROWSE INCDIR(.\Module) DEBUG 
                    -OBJECTEXTEND PRINT(.\Listings\delay.lst) OBJECT(.\Objects\delay.obj)

line level    source

   1          #include "delay.h"
   2          
   3          //void delay_us(unsigned long count)
   4          //{
   5          ////    unsigned long timer_count;
   6          ////    //定时器初值计算
   7          ////    timer_count = count;
   8          ////    //初始化定时器0
   9          ////    TMOD = 0x01;          //使用定时器T0的模式1
  10          ////    TF0 = 0;
  11          
  12          ////    while(timer_count)
  13          ////    {
  14          ////            unsigned long temp_count = timer_count>65536?65536:timer_count;
  15          ////            TH0 = (65536 - temp_count) / 256; //定时器T0的高8位赋初值
  16          ////            TL0 = (65536 - temp_count) % 256; //定时器T0的低8位赋初值
  17          ////            TR0 = 1;              //启动定时器T0
  18          ////            //等待定时器到达
  19          ////            while(TF0 == 0);
  20          ////            TF0 = 0;
  21          ////            timer_count -= temp_count;
  22          ////    }
  23          ////            #pragma asm
  24          ////    RET_DELAY:
  25          ////            DJNZ    R7,$;
  26          ////            DJNZ    R6,$;
  27          ////            DJNZ    R5,$;
  28          ////            DJNZ    R4,$;
  29          ////            RET
  30          ////            #pragma endasm
  31          //}
  32          //延时n毫秒
  33          void delay_ms(unsigned long n)
  34          {
  35   1          unsigned long i=0,j=0;
  36   1          for(i=0;i<n;i++)
  37   1              for(j=0;j<2;j++);
  38   1      }


MODULE INFORMATION:   STATIC OVERLAYABLE
   CODE SIZE        =    131    ----
   CONSTANT SIZE    =   ----    ----
   XDATA SIZE       =   ----    ----
   PDATA SIZE       =   ----    ----
   DATA SIZE        =   ----      12
   IDATA SIZE       =   ----    ----
   BIT SIZE         =   ----    ----
END OF MODULE INFORMATION.


C51 COMPILATION COMPLETE.  0 WARNING(S),  0 ERROR(S)
